<?xml version="1.0" encoding="UTF-8"?>
<!-- Generated by org.testng.reporters.JUnitReportReporter -->
<testsuite hostname="DESKTOP-HSNMEPH" failures="0" tests="7" name="com.nexsoft.testng.dashboard.CRUDBuilderTest" time="5.695" errors="0" timestamp="2022-06-14T21:22:16 ICT" skipped="0">
  <testcase classname="com.nexsoft.testng.dashboard.CRUDBuilderTest" name="login" time="2.240"/>
  <system-out/>
  <testcase classname="com.nexsoft.testng.dashboard.CRUDBuilderTest" name="cobaDulu" time="0.010"/>
  <system-out>
    <![CDATA[Nama: AlbertusEmail: dewabrata@gmail.comLocation: Bogor]]>
  </system-out>
  <testcase classname="com.nexsoft.testng.dashboard.CRUDBuilderTest" name="cobaDulu" time="0.011"/>
  <system-out>
    <![CDATA[Nama: EkaEmail: eka@nexsoft.comLocation: Jakarta]]>
  </system-out>
  <testcase classname="com.nexsoft.testng.dashboard.CRUDBuilderTest" name="cobaDulu" time="0.012"/>
  <system-out>
    <![CDATA[Nama: WiwinEmail: wiwin@nexsoftLocation: Jakarta]]>
  </system-out>
  <testcase classname="com.nexsoft.testng.dashboard.CRUDBuilderTest" name="createData" time="3.325"/>
  <system-out/>
  <testcase classname="com.nexsoft.testng.dashboard.CRUDBuilderTest" name="getUsername" time="0.048"/>
  <system-out/>
  <testcase classname="com.nexsoft.testng.dashboard.CRUDBuilderTest" name="getUsername2" time="0.049"/>
  <system-out/>
</testsuite> <!-- com.nexsoft.testng.dashboard.CRUDBuilderTest -->
