<?xml version="1.0" encoding="UTF-8"?>
<!-- Generated by org.testng.reporters.JUnitReportReporter -->
<testsuite hostname="DESKTOP-HSNMEPH" failures="0" tests="1" name="com.nexsoft.tesng.CreateRecordWithExcel" time="1.528" errors="0" timestamp="2022-06-14T10:05:53 ICT" skipped="0">
  <testcase classname="com.nexsoft.tesng.CreateRecordWithExcel" name="login" time="1.528"/>
  <system-out/>
</testsuite> <!-- com.nexsoft.tesng.CreateRecordWithExcel -->
