<?xml version="1.0" encoding="UTF-8"?>
<!-- Generated by org.testng.reporters.JUnitReportReporter -->
<testsuite hostname="DESKTOP-HSNMEPH" failures="0" tests="4" name="com.nexsoft.testng.frontpage.FrontPageTest" time="1.978" errors="0" timestamp="2022-06-14T15:32:41 ICT" skipped="0">
  <testcase classname="com.nexsoft.testng.frontpage.FrontPageTest" name="consumeData" time="0.005"/>
  <system-out/>
  <testcase classname="com.nexsoft.testng.frontpage.FrontPageTest" name="login" time="1.971"/>
  <system-out>
    <![CDATA[<img src='file://D:\TestScreenshoot\20220614_153241.png'height="800" width="1280"/>]]>
  </system-out>
  <testcase classname="com.nexsoft.testng.frontpage.FrontPageTest" name="setLanguage" time="0.001"/>
  <system-out/>
  <testcase classname="com.nexsoft.testng.frontpage.FrontPageTest" name="consumeData" time="0.001"/>
  <system-out/>
</testsuite> <!-- com.nexsoft.testng.frontpage.FrontPageTest -->
