<?xml version="1.0" encoding="UTF-8"?>
<!-- Generated by org.testng.reporters.JUnitReportReporter -->
<testsuite hostname="DESKTOP-HSNMEPH" failures="0" tests="1" name="com.nexsoft.appium.TestCalculator" time="3.508" errors="0" timestamp="2022-06-21T16:18:03 ICT" skipped="0">
  <testcase classname="com.nexsoft.appium.TestCalculator" name="test_bagi" time="3.508"/>
  <system-out/>
</testsuite> <!-- com.nexsoft.appium.TestCalculator -->
